<?xml version="1.0" encoding="UTF-8"?>
<!-- Generated by org.testng.reporters.JUnitReportReporter -->
<testsuite skipped="0" hostname="IXIA-DO-0002" name="Homepage.TC_04" tests="1" failures="0" timestamp="21 Sep 2018 06:14:58 GMT" time="15.928" errors="0">
  <testcase name="verifyAaddToCart" time="15.928" classname="Homepage.TC_04"/>
</testsuite> <!-- Homepage.TC_04 -->
