<?xml version="1.0" encoding="UTF-8"?>
<!-- Generated by org.testng.reporters.JUnitReportReporter -->
<testsuite skipped="0" hostname="IXIA-DO-0002" name="Homepage.TC_03" tests="1" failures="0" timestamp="24 Oct 2018 09:31:05 GMT" time="32.625" errors="0">
  <testcase name="verifyAaddToCart" time="32.625" classname="Homepage.TC_03"/>
</testsuite> <!-- Homepage.TC_03 -->
