<?xml version="1.0" encoding="UTF-8"?>
<!-- Generated by org.testng.reporters.JUnitReportReporter -->
<testsuite skipped="1" hostname="IXIA-DO-0002" name="MyAccount.TCAccout_01" tests="2" failures="0" timestamp="15 Oct 2018 06:28:35 GMT" time="78.837" errors="0">
  <testcase name="excelCheckCredentials" time="78.837" classname="MyAccount.TCAccout_01"/>
  <testcase name="verifyAaddToCart" classname="MyAccount.TCAccout_01">
    <skipped/>
  </testcase> <!-- verifyAaddToCart -->
</testsuite> <!-- MyAccount.TCAccout_01 -->
