<?xml version="1.0" encoding="UTF-8"?>
<!-- Generated by org.testng.reporters.JUnitReportReporter -->
<testsuite skipped="1" hostname="IXIA-DO-0002" name="MyAccount_Login.TCAccout_01" tests="2" failures="0" timestamp="24 Oct 2018 10:12:15 GMT" time="120.732" errors="0">
  <testcase name="excelCheckCredentials" time="120.732" classname="MyAccount_Login.TCAccout_01"/>
  <testcase name="verifyAaddToCart" classname="MyAccount_Login.TCAccout_01">
    <skipped/>
  </testcase> <!-- verifyAaddToCart -->
</testsuite> <!-- MyAccount_Login.TCAccout_01 -->
