<?xml version="1.0" encoding="UTF-8"?>
<!-- Generated by org.testng.reporters.JUnitReportReporter -->
<testsuite skipped="0" hostname="IXIA-DO-0002" name="Homepage.TC_01" tests="1" failures="0" timestamp="21 Sep 2018 09:15:41 GMT" time="4.668" errors="0">
  <testcase name="verifyAaddToCart" time="4.668" classname="Homepage.TC_01"/>
</testsuite> <!-- Homepage.TC_01 -->
