<?xml version="1.0" encoding="UTF-8"?>
<!-- Generated by org.testng.reporters.JUnitReportReporter -->
<testsuite skipped="0" hostname="IXIA-DO-0002" name="Homepage.TC_02" tests="1" failures="0" timestamp="20 Sep 2018 13:28:13 GMT" time="6.627" errors="0">
  <testcase name="verifyAaddToCart" time="6.627" classname="Homepage.TC_02"/>
</testsuite> <!-- Homepage.TC_02 -->
