<?xml version="1.0" encoding="UTF-8"?>
<!-- Generated by org.testng.reporters.JUnitReportReporter -->
<testsuite skipped="1" hostname="IXIA-DO-0002" name="MyAccount.TC_MyAccount" tests="2" failures="0" timestamp="24 Oct 2018 07:31:13 GMT" time="76.736" errors="0">
  <testcase name="logOutFunctionality" time="76.736" classname="MyAccount.TC_MyAccount"/>
  <testcase name="accountDetailsFunctionality" classname="MyAccount.TC_MyAccount">
    <skipped/>
  </testcase> <!-- accountDetailsFunctionality -->
</testsuite> <!-- MyAccount.TC_MyAccount -->
