<?xml version="1.0" encoding="UTF-8"?>
<!-- Generated by org.testng.reporters.JUnitReportReporter -->
<testsuite skipped="6" hostname="IXIA-DO-0002" name="shopPage.TC_ShopPage" tests="7" failures="0" timestamp="22 Oct 2018 09:24:52 GMT" time="37.230" errors="0">
  <testcase name="addAndViewBasketViaTextLinkFunctionality" time="37.230" classname="shopPage.TC_ShopPage"/>
  <testcase name="filterByPrice" classname="shopPage.TC_ShopPage">
    <skipped/>
  </testcase> <!-- filterByPrice -->
  <testcase name="sale" classname="shopPage.TC_ShopPage">
    <skipped/>
  </testcase> <!-- sale -->
  <testcase name="readMore" classname="shopPage.TC_ShopPage">
    <skipped/>
  </testcase> <!-- readMore -->
  <testcase name="productCategories" classname="shopPage.TC_ShopPage">
    <skipped/>
  </testcase> <!-- productCategories -->
  <testcase name="defaultSorting" classname="shopPage.TC_ShopPage">
    <skipped/>
  </testcase> <!-- defaultSorting -->
  <testcase name="addAndViewBasketFunctionality" classname="shopPage.TC_ShopPage">
    <skipped/>
  </testcase> <!-- addAndViewBasketFunctionality -->
</testsuite> <!-- shopPage.TC_ShopPage -->
