<?xml version="1.0" encoding="UTF-8"?>
<!-- Generated by org.testng.reporters.JUnitReportReporter -->
<testsuite skipped="0" hostname="IXIA-DO-0002" name="MyAccount.TC_01" tests="1" failures="0" timestamp="09 Oct 2018 10:42:13 GMT" time="19.306" errors="0">
  <testcase name="verifyAaddToCart" time="19.306" classname="MyAccount.TC_01"/>
</testsuite> <!-- MyAccount.TC_01 -->
