<?xml version="1.0" encoding="UTF-8"?>
<!-- Generated by org.testng.reporters.JUnitReportReporter -->
<testsuite skipped="0" hostname="IXIA-DO-0002" name="Homepage.TC_05" tests="1" failures="0" timestamp="21 Sep 2018 06:24:18 GMT" time="70.965" errors="0">
  <testcase name="verifyAaddToCart" time="70.965" classname="Homepage.TC_05"/>
</testsuite> <!-- Homepage.TC_05 -->
